<?xml version="1.0" encoding="UTF-8"?>
<testsuite xmlns:xsi="http://www.w3.org/2001/XMLSchema-instance" xsi:noNamespaceSchemaLocation="https://maven.apache.org/surefire/maven-surefire-plugin/xsd/surefire-test-report-3.0.xsd" version="3.0" name="TestSuite" time="256.251" tests="6" errors="0" skipped="0" failures="1">
  <properties>
    <property name="sun.desktop" value="windows"/>
    <property name="awt.toolkit" value="sun.awt.windows.WToolkit"/>
    <property name="file.encoding.pkg" value="sun.io"/>
    <property name="java.specification.version" value="1.8"/>
    <property name="sun.cpu.isalist" value="amd64"/>
    <property name="sun.jnu.encoding" value="Cp1252"/>
    <property name="java.class.path" value="D:\AppliToolsHackathon\target\test-classes;D:\AppliToolsHackathon\target\classes;D:\apps\.m2\repo\org\seleniumhq\selenium\selenium-java\3.141.59\selenium-java-3.141.59.jar;D:\apps\.m2\repo\org\seleniumhq\selenium\selenium-api\3.141.59\selenium-api-3.141.59.jar;D:\apps\.m2\repo\org\seleniumhq\selenium\selenium-edge-driver\3.141.59\selenium-edge-driver-3.141.59.jar;D:\apps\.m2\repo\org\seleniumhq\selenium\selenium-firefox-driver\3.141.59\selenium-firefox-driver-3.141.59.jar;D:\apps\.m2\repo\org\seleniumhq\selenium\selenium-ie-driver\3.141.59\selenium-ie-driver-3.141.59.jar;D:\apps\.m2\repo\org\seleniumhq\selenium\selenium-opera-driver\3.141.59\selenium-opera-driver-3.141.59.jar;D:\apps\.m2\repo\org\seleniumhq\selenium\selenium-remote-driver\3.141.59\selenium-remote-driver-3.141.59.jar;D:\apps\.m2\repo\org\seleniumhq\selenium\selenium-safari-driver\3.141.59\selenium-safari-driver-3.141.59.jar;D:\apps\.m2\repo\net\bytebuddy\byte-buddy\1.8.15\byte-buddy-1.8.15.jar;D:\apps\.m2\repo\org\apache\commons\commons-exec\1.3\commons-exec-1.3.jar;D:\apps\.m2\repo\com\google\guava\guava\25.0-jre\guava-25.0-jre.jar;D:\apps\.m2\repo\com\google\code\findbugs\jsr305\1.3.9\jsr305-1.3.9.jar;D:\apps\.m2\repo\org\checkerframework\checker-compat-qual\2.0.0\checker-compat-qual-2.0.0.jar;D:\apps\.m2\repo\com\google\errorprone\error_prone_annotations\2.1.3\error_prone_annotations-2.1.3.jar;D:\apps\.m2\repo\com\google\j2objc\j2objc-annotations\1.1\j2objc-annotations-1.1.jar;D:\apps\.m2\repo\org\codehaus\mojo\animal-sniffer-annotations\1.14\animal-sniffer-annotations-1.14.jar;D:\apps\.m2\repo\com\squareup\okhttp3\okhttp\3.11.0\okhttp-3.11.0.jar;D:\apps\.m2\repo\com\squareup\okio\okio\1.14.0\okio-1.14.0.jar;D:\apps\.m2\repo\org\seleniumhq\selenium\selenium-support\3.141.59\selenium-support-3.141.59.jar;D:\apps\.m2\repo\org\seleniumhq\selenium\selenium-chrome-driver\3.141.59\selenium-chrome-driver-3.141.59.jar;D:\apps\.m2\repo\org\testng\testng\7.0.0\testng-7.0.0.jar;D:\apps\.m2\repo\com\beust\jcommander\1.72\jcommander-1.72.jar;D:\apps\.m2\repo\com\applitools\eyes-selenium-java3\3.158.5\eyes-selenium-java3-3.158.5.jar;D:\apps\.m2\repo\com\applitools\eyes-common-java3\3.158.5\eyes-common-java3-3.158.5.jar;D:\apps\.m2\repo\org\imgscalr\imgscalr-lib\4.2\imgscalr-lib-4.2.jar;D:\apps\.m2\repo\commons-codec\commons-codec\1.10\commons-codec-1.10.jar;D:\apps\.m2\repo\commons-io\commons-io\2.6\commons-io-2.6.jar;D:\apps\.m2\repo\org\apache\commons\commons-lang3\3.8.1\commons-lang3-3.8.1.jar;D:\apps\.m2\repo\org\brotli\dec\0.1.1\dec-0.1.1.jar;D:\apps\.m2\repo\com\fasterxml\jackson\core\jackson-databind\2.5.1\jackson-databind-2.5.1.jar;D:\apps\.m2\repo\com\fasterxml\jackson\core\jackson-annotations\2.5.0\jackson-annotations-2.5.0.jar;D:\apps\.m2\repo\com\fasterxml\jackson\core\jackson-core\2.5.1\jackson-core-2.5.1.jar;D:\apps\.m2\repo\org\jsoup\jsoup\1.8.3\jsoup-1.8.3.jar;D:\apps\.m2\repo\com\applitools\eyes-sdk-core-java3\3.158.5\eyes-sdk-core-java3-3.158.5.jar;D:\apps\.m2\repo\com\applitools\eyes-connectivity-java3-jersey2x\3.158.5\eyes-connectivity-java3-jersey2x-3.158.5.jar;D:\apps\.m2\repo\org\glassfish\jersey\connectors\jersey-apache-connector\2.29\jersey-apache-connector-2.29.jar;D:\apps\.m2\repo\org\glassfish\jersey\core\jersey-common\2.29\jersey-common-2.29.jar;D:\apps\.m2\repo\jakarta\annotation\jakarta.annotation-api\1.3.4\jakarta.annotation-api-1.3.4.jar;D:\apps\.m2\repo\org\glassfish\hk2\osgi-resource-locator\1.0.3\osgi-resource-locator-1.0.3.jar;D:\apps\.m2\repo\jakarta\ws\rs\jakarta.ws.rs-api\2.1.5\jakarta.ws.rs-api-2.1.5.jar;D:\apps\.m2\repo\org\glassfish\jersey\core\jersey-client\2.29\jersey-client-2.29.jar;D:\apps\.m2\repo\org\glassfish\hk2\external\jakarta.inject\2.5.0\jakarta.inject-2.5.0.jar;D:\apps\.m2\repo\org\glassfish\jersey\inject\jersey-hk2\2.29\jersey-hk2-2.29.jar;D:\apps\.m2\repo\org\glassfish\hk2\hk2-locator\2.5.0\hk2-locator-2.5.0.jar;D:\apps\.m2\repo\org\glassfish\hk2\external\aopalliance-repackaged\2.5.0\aopalliance-repackaged-2.5.0.jar;D:\apps\.m2\repo\org\glassfish\hk2\hk2-api\2.5.0\hk2-api-2.5.0.jar;D:\apps\.m2\repo\org\glassfish\hk2\hk2-utils\2.5.0\hk2-utils-2.5.0.jar;D:\apps\.m2\repo\org\javassist\javassist\3.22.0-CR2\javassist-3.22.0-CR2.jar;D:\apps\.m2\repo\io\appium\java-client\7.0.0\java-client-7.0.0.jar;D:\apps\.m2\repo\com\google\code\gson\gson\2.8.5\gson-2.8.5.jar;D:\apps\.m2\repo\org\apache\httpcomponents\httpclient\4.5.6\httpclient-4.5.6.jar;D:\apps\.m2\repo\org\apache\httpcomponents\httpcore\4.4.10\httpcore-4.4.10.jar;D:\apps\.m2\repo\commons-logging\commons-logging\1.2\commons-logging-1.2.jar;D:\apps\.m2\repo\cglib\cglib\3.2.8\cglib-3.2.8.jar;D:\apps\.m2\repo\org\ow2\asm\asm\6.2.1\asm-6.2.1.jar;D:\apps\.m2\repo\org\apache\ant\ant\1.10.3\ant-1.10.3.jar;D:\apps\.m2\repo\org\apache\ant\ant-launcher\1.10.3\ant-launcher-1.10.3.jar;D:\apps\.m2\repo\commons-validator\commons-validator\1.6\commons-validator-1.6.jar;D:\apps\.m2\repo\commons-beanutils\commons-beanutils\1.9.2\commons-beanutils-1.9.2.jar;D:\apps\.m2\repo\commons-digester\commons-digester\1.8.1\commons-digester-1.8.1.jar;D:\apps\.m2\repo\commons-collections\commons-collections\3.2.2\commons-collections-3.2.2.jar;D:\apps\.m2\repo\org\springframework\spring-context\5.1.0.RELEASE\spring-context-5.1.0.RELEASE.jar;D:\apps\.m2\repo\org\springframework\spring-aop\5.1.0.RELEASE\spring-aop-5.1.0.RELEASE.jar;D:\apps\.m2\repo\org\springframework\spring-beans\5.1.0.RELEASE\spring-beans-5.1.0.RELEASE.jar;D:\apps\.m2\repo\org\springframework\spring-core\5.1.0.RELEASE\spring-core-5.1.0.RELEASE.jar;D:\apps\.m2\repo\org\springframework\spring-jcl\5.1.0.RELEASE\spring-jcl-5.1.0.RELEASE.jar;D:\apps\.m2\repo\org\springframework\spring-expression\5.1.0.RELEASE\spring-expression-5.1.0.RELEASE.jar;D:\apps\.m2\repo\org\aspectj\aspectjweaver\1.9.1\aspectjweaver-1.9.1.jar;D:\apps\.m2\repo\com\helger\ph-css\6.1.1\ph-css-6.1.1.jar;D:\apps\.m2\repo\com\helger\ph-commons\9.0.2\ph-commons-9.0.2.jar;D:\apps\.m2\repo\javax\activation\activation\1.1.1\activation-1.1.1.jar;D:\apps\.m2\repo\org\slf4j\slf4j-api\1.7.5\slf4j-api-1.7.5.jar;D:\apps\.m2\repo\org\slf4j\slf4j-log4j12\1.7.5\slf4j-log4j12-1.7.5.jar;D:\apps\.m2\repo\log4j\log4j\1.2.17\log4j-1.2.17.jar;"/>
    <property name="java.vm.vendor" value="Oracle Corporation"/>
    <property name="sun.arch.data.model" value="64"/>
    <property name="user.variant" value=""/>
    <property name="java.vendor.url" value="http://java.oracle.com/"/>
    <property name="user.timezone" value="Asia/Calcutta"/>
    <property name="java.vm.specification.version" value="1.8"/>
    <property name="os.name" value="Windows 10"/>
    <property name="user.country" value="US"/>
    <property name="sun.java.launcher" value="SUN_STANDARD"/>
    <property name="sun.boot.library.path" value="C:\Program Files\Java\jdk1.8.0_112\jre\bin"/>
    <property name="sun.java.command" value="C:\Users\anambood.ORADEV\AppData\Local\Temp\surefire1986396228789187033\surefirebooter2654488226410643967.jar C:\Users\anambood.ORADEV\AppData\Local\Temp\surefire1986396228789187033 2019-11-11T21-21-39_848-jvmRun1 surefire690689070280781048tmp surefire_09029072889198543953tmp"/>
    <property name="surefire.test.class.path" value="D:\AppliToolsHackathon\target\test-classes;D:\AppliToolsHackathon\target\classes;D:\apps\.m2\repo\org\seleniumhq\selenium\selenium-java\3.141.59\selenium-java-3.141.59.jar;D:\apps\.m2\repo\org\seleniumhq\selenium\selenium-api\3.141.59\selenium-api-3.141.59.jar;D:\apps\.m2\repo\org\seleniumhq\selenium\selenium-edge-driver\3.141.59\selenium-edge-driver-3.141.59.jar;D:\apps\.m2\repo\org\seleniumhq\selenium\selenium-firefox-driver\3.141.59\selenium-firefox-driver-3.141.59.jar;D:\apps\.m2\repo\org\seleniumhq\selenium\selenium-ie-driver\3.141.59\selenium-ie-driver-3.141.59.jar;D:\apps\.m2\repo\org\seleniumhq\selenium\selenium-opera-driver\3.141.59\selenium-opera-driver-3.141.59.jar;D:\apps\.m2\repo\org\seleniumhq\selenium\selenium-remote-driver\3.141.59\selenium-remote-driver-3.141.59.jar;D:\apps\.m2\repo\org\seleniumhq\selenium\selenium-safari-driver\3.141.59\selenium-safari-driver-3.141.59.jar;D:\apps\.m2\repo\net\bytebuddy\byte-buddy\1.8.15\byte-buddy-1.8.15.jar;D:\apps\.m2\repo\org\apache\commons\commons-exec\1.3\commons-exec-1.3.jar;D:\apps\.m2\repo\com\google\guava\guava\25.0-jre\guava-25.0-jre.jar;D:\apps\.m2\repo\com\google\code\findbugs\jsr305\1.3.9\jsr305-1.3.9.jar;D:\apps\.m2\repo\org\checkerframework\checker-compat-qual\2.0.0\checker-compat-qual-2.0.0.jar;D:\apps\.m2\repo\com\google\errorprone\error_prone_annotations\2.1.3\error_prone_annotations-2.1.3.jar;D:\apps\.m2\repo\com\google\j2objc\j2objc-annotations\1.1\j2objc-annotations-1.1.jar;D:\apps\.m2\repo\org\codehaus\mojo\animal-sniffer-annotations\1.14\animal-sniffer-annotations-1.14.jar;D:\apps\.m2\repo\com\squareup\okhttp3\okhttp\3.11.0\okhttp-3.11.0.jar;D:\apps\.m2\repo\com\squareup\okio\okio\1.14.0\okio-1.14.0.jar;D:\apps\.m2\repo\org\seleniumhq\selenium\selenium-support\3.141.59\selenium-support-3.141.59.jar;D:\apps\.m2\repo\org\seleniumhq\selenium\selenium-chrome-driver\3.141.59\selenium-chrome-driver-3.141.59.jar;D:\apps\.m2\repo\org\testng\testng\7.0.0\testng-7.0.0.jar;D:\apps\.m2\repo\com\beust\jcommander\1.72\jcommander-1.72.jar;D:\apps\.m2\repo\com\applitools\eyes-selenium-java3\3.158.5\eyes-selenium-java3-3.158.5.jar;D:\apps\.m2\repo\com\applitools\eyes-common-java3\3.158.5\eyes-common-java3-3.158.5.jar;D:\apps\.m2\repo\org\imgscalr\imgscalr-lib\4.2\imgscalr-lib-4.2.jar;D:\apps\.m2\repo\commons-codec\commons-codec\1.10\commons-codec-1.10.jar;D:\apps\.m2\repo\commons-io\commons-io\2.6\commons-io-2.6.jar;D:\apps\.m2\repo\org\apache\commons\commons-lang3\3.8.1\commons-lang3-3.8.1.jar;D:\apps\.m2\repo\org\brotli\dec\0.1.1\dec-0.1.1.jar;D:\apps\.m2\repo\com\fasterxml\jackson\core\jackson-databind\2.5.1\jackson-databind-2.5.1.jar;D:\apps\.m2\repo\com\fasterxml\jackson\core\jackson-annotations\2.5.0\jackson-annotations-2.5.0.jar;D:\apps\.m2\repo\com\fasterxml\jackson\core\jackson-core\2.5.1\jackson-core-2.5.1.jar;D:\apps\.m2\repo\org\jsoup\jsoup\1.8.3\jsoup-1.8.3.jar;D:\apps\.m2\repo\com\applitools\eyes-sdk-core-java3\3.158.5\eyes-sdk-core-java3-3.158.5.jar;D:\apps\.m2\repo\com\applitools\eyes-connectivity-java3-jersey2x\3.158.5\eyes-connectivity-java3-jersey2x-3.158.5.jar;D:\apps\.m2\repo\org\glassfish\jersey\connectors\jersey-apache-connector\2.29\jersey-apache-connector-2.29.jar;D:\apps\.m2\repo\org\glassfish\jersey\core\jersey-common\2.29\jersey-common-2.29.jar;D:\apps\.m2\repo\jakarta\annotation\jakarta.annotation-api\1.3.4\jakarta.annotation-api-1.3.4.jar;D:\apps\.m2\repo\org\glassfish\hk2\osgi-resource-locator\1.0.3\osgi-resource-locator-1.0.3.jar;D:\apps\.m2\repo\jakarta\ws\rs\jakarta.ws.rs-api\2.1.5\jakarta.ws.rs-api-2.1.5.jar;D:\apps\.m2\repo\org\glassfish\jersey\core\jersey-client\2.29\jersey-client-2.29.jar;D:\apps\.m2\repo\org\glassfish\hk2\external\jakarta.inject\2.5.0\jakarta.inject-2.5.0.jar;D:\apps\.m2\repo\org\glassfish\jersey\inject\jersey-hk2\2.29\jersey-hk2-2.29.jar;D:\apps\.m2\repo\org\glassfish\hk2\hk2-locator\2.5.0\hk2-locator-2.5.0.jar;D:\apps\.m2\repo\org\glassfish\hk2\external\aopalliance-repackaged\2.5.0\aopalliance-repackaged-2.5.0.jar;D:\apps\.m2\repo\org\glassfish\hk2\hk2-api\2.5.0\hk2-api-2.5.0.jar;D:\apps\.m2\repo\org\glassfish\hk2\hk2-utils\2.5.0\hk2-utils-2.5.0.jar;D:\apps\.m2\repo\org\javassist\javassist\3.22.0-CR2\javassist-3.22.0-CR2.jar;D:\apps\.m2\repo\io\appium\java-client\7.0.0\java-client-7.0.0.jar;D:\apps\.m2\repo\com\google\code\gson\gson\2.8.5\gson-2.8.5.jar;D:\apps\.m2\repo\org\apache\httpcomponents\httpclient\4.5.6\httpclient-4.5.6.jar;D:\apps\.m2\repo\org\apache\httpcomponents\httpcore\4.4.10\httpcore-4.4.10.jar;D:\apps\.m2\repo\commons-logging\commons-logging\1.2\commons-logging-1.2.jar;D:\apps\.m2\repo\cglib\cglib\3.2.8\cglib-3.2.8.jar;D:\apps\.m2\repo\org\ow2\asm\asm\6.2.1\asm-6.2.1.jar;D:\apps\.m2\repo\org\apache\ant\ant\1.10.3\ant-1.10.3.jar;D:\apps\.m2\repo\org\apache\ant\ant-launcher\1.10.3\ant-launcher-1.10.3.jar;D:\apps\.m2\repo\commons-validator\commons-validator\1.6\commons-validator-1.6.jar;D:\apps\.m2\repo\commons-beanutils\commons-beanutils\1.9.2\commons-beanutils-1.9.2.jar;D:\apps\.m2\repo\commons-digester\commons-digester\1.8.1\commons-digester-1.8.1.jar;D:\apps\.m2\repo\commons-collections\commons-collections\3.2.2\commons-collections-3.2.2.jar;D:\apps\.m2\repo\org\springframework\spring-context\5.1.0.RELEASE\spring-context-5.1.0.RELEASE.jar;D:\apps\.m2\repo\org\springframework\spring-aop\5.1.0.RELEASE\spring-aop-5.1.0.RELEASE.jar;D:\apps\.m2\repo\org\springframework\spring-beans\5.1.0.RELEASE\spring-beans-5.1.0.RELEASE.jar;D:\apps\.m2\repo\org\springframework\spring-core\5.1.0.RELEASE\spring-core-5.1.0.RELEASE.jar;D:\apps\.m2\repo\org\springframework\spring-jcl\5.1.0.RELEASE\spring-jcl-5.1.0.RELEASE.jar;D:\apps\.m2\repo\org\springframework\spring-expression\5.1.0.RELEASE\spring-expression-5.1.0.RELEASE.jar;D:\apps\.m2\repo\org\aspectj\aspectjweaver\1.9.1\aspectjweaver-1.9.1.jar;D:\apps\.m2\repo\com\helger\ph-css\6.1.1\ph-css-6.1.1.jar;D:\apps\.m2\repo\com\helger\ph-commons\9.0.2\ph-commons-9.0.2.jar;D:\apps\.m2\repo\javax\activation\activation\1.1.1\activation-1.1.1.jar;D:\apps\.m2\repo\org\slf4j\slf4j-api\1.7.5\slf4j-api-1.7.5.jar;D:\apps\.m2\repo\org\slf4j\slf4j-log4j12\1.7.5\slf4j-log4j12-1.7.5.jar;D:\apps\.m2\repo\log4j\log4j\1.2.17\log4j-1.2.17.jar;"/>
    <property name="sun.cpu.endian" value="little"/>
    <property name="user.home" value="C:\Users\anambood.ORADEV"/>
    <property name="user.language" value="en"/>
    <property name="java.specification.vendor" value="Oracle Corporation"/>
    <property name="java.home" value="C:\Program Files\Java\jdk1.8.0_112\jre"/>
    <property name="basedir" value="D:\AppliToolsHackathon"/>
    <property name="file.separator" value="\"/>
    <property name="line.separator" value="&#10;"/>
    <property name="java.vm.specification.vendor" value="Oracle Corporation"/>
    <property name="java.specification.name" value="Java Platform API Specification"/>
    <property name="java.awt.graphicsenv" value="sun.awt.Win32GraphicsEnvironment"/>
    <property name="surefire.real.class.path" value="C:\Users\anambood.ORADEV\AppData\Local\Temp\surefire1986396228789187033\surefirebooter2654488226410643967.jar"/>
    <property name="sun.boot.class.path" value="C:\Program Files\Java\jdk1.8.0_112\jre\lib\resources.jar;C:\Program Files\Java\jdk1.8.0_112\jre\lib\rt.jar;C:\Program Files\Java\jdk1.8.0_112\jre\lib\sunrsasign.jar;C:\Program Files\Java\jdk1.8.0_112\jre\lib\jsse.jar;C:\Program Files\Java\jdk1.8.0_112\jre\lib\jce.jar;C:\Program Files\Java\jdk1.8.0_112\jre\lib\charsets.jar;C:\Program Files\Java\jdk1.8.0_112\jre\lib\jfr.jar;C:\Program Files\Java\jdk1.8.0_112\jre\classes"/>
    <property name="user.script" value=""/>
    <property name="sun.management.compiler" value="HotSpot 64-Bit Tiered Compilers"/>
    <property name="java.runtime.version" value="1.8.0_112-b15"/>
    <property name="user.name" value="anambood"/>
    <property name="path.separator" value=";"/>
    <property name="os.version" value="10.0"/>
    <property name="java.endorsed.dirs" value="C:\Program Files\Java\jdk1.8.0_112\jre\lib\endorsed"/>
    <property name="java.runtime.name" value="Java(TM) SE Runtime Environment"/>
    <property name="file.encoding" value="Cp1252"/>
    <property name="java.vm.name" value="Java HotSpot(TM) 64-Bit Server VM"/>
    <property name="localRepository" value="D:\apps\.m2\repo"/>
    <property name="java.vendor.url.bug" value="http://bugreport.sun.com/bugreport/"/>
    <property name="java.io.tmpdir" value="C:\Users\ANAMBO~1.ORA\AppData\Local\Temp\"/>
    <property name="java.version" value="1.8.0_112"/>
    <property name="user.dir" value="D:\AppliToolsHackathon"/>
    <property name="os.arch" value="amd64"/>
    <property name="java.vm.specification.name" value="Java Virtual Machine Specification"/>
    <property name="java.awt.printerjob" value="sun.awt.windows.WPrinterJob"/>
    <property name="sun.os.patch.level" value=""/>
    <property name="java.library.path" value="C:\Program Files\Java\jdk1.8.0_112\jre\bin;C:\WINDOWS\Sun\Java\bin;C:\WINDOWS\system32;C:\WINDOWS;C:\Program Files (x86)\Common Files\Oracle\Java\javapath;C:\WINDOWS\system32;C:\WINDOWS;C:\WINDOWS\System32\Wbem;C:\WINDOWS\System32\WindowsPowerShell\v1.0\;C:\Program Files\Java\jdk1.8.0_112\bin;C:\Program Files\Calibre2\;C:\apache-maven-3.6.0\bin;C:\Strawberry\c\bin;C:\Strawberry\perl\site\bin;C:\Strawberry\perl\bin;C:\WINDOWS\System32\OpenSSH\;C:\Program Files\Git\cmd;C:\Program Files\Git\mingw64\bin;C:\Program Files\Git\usr\bin;C:\TNS;C:\Users\anambood.ORADEV\AppData\Local\Android\Sdk\tools;C:\Users\anambood.ORADEV\AppData\Local\Android\Sdk\platform-tools;C:\Users\anambood.ORADEV\AppData\Local\Android\Sdk\build-tools;C:\Program Files\nodejs\;C:\Program Files (x86)\Sennheiser\SoftphoneSDK\;C:\Program Files\Intel\WiFi\bin\;C:\Program Files\Common Files\Intel\WirelessCommon\;C:\Program Files (x86)\Intel\Intel(R) Management Engine Components\DAL;C:\Program Files\Intel\Intel(R) Management Engine Components\DAL;C:\Users\anambood.ORADEV\AppData\Local\Programs\Python\Python37\Scripts\;C:\Users\anambood.ORADEV\AppData\Local\Programs\Python\Python37\;C:\Users\anambood.ORADEV\.windows-build-tools\python27\;C:\Program Files\nodejs\node_modules\npm\node_modules\npm-lifecycle\node-gyp-bin;C:\Users\anambood.ORADEV\AppData\Roaming\npm\node_modules\windows-build-tools\node_modules\.bin;C:\Users\anambood.ORADEV\AppData\Roaming\npm\node_modules\.bin;C:\Program Files (x86)\Common Files\Oracle\Java\javapath;C:\WINDOWS\system32;C:\WINDOWS;C:\WINDOWS\System32\Wbem;C:\WINDOWS\System32\WindowsPowerShell\v1.0\;C:\Program Files\Java\jdk1.8.0_112\bin;C:\Program Files\Calibre2\;C:\apache-maven-3.6.0\bin;C:\Program Files (x86)\Sennheiser\SoftphoneSDK\;C:\Strawberry\c\bin;C:\Strawberry\perl\site\bin;C:\Strawberry\perl\bin;C:\WINDOWS\System32\OpenSSH\;C:\Program Files\Git\cmd;C:\Program Files\Git\mingw64\bin;C:\Program Files\Git\usr\bin;C:\Program Files\TortoiseGit\bin;C:\TNS;C:\Program Files (x86)\Intel\Intel(R) Management Engine Components\DAL;C:\Program Files\Intel\Intel(R) Management Engine Components\DAL;C:\Users\anambood.ORADEV\AppData\Local\Android\Sdk\tools;C:\Users\anambood.ORADEV\AppData\Local\Android\Sdk\platform-tools;C:\Users\anambood.ORADEV\AppData\Local\Android\Sdk\build-tools;C:\Program Files\nodejs\;C:\Users\anambood.ORADEV\AppData\Local\Microsoft\WindowsApps;C:\Users\anambood.ORADEV\AppData\Local\Programs\Fiddler;C:\Program Files (x86)\Nmap;C:\Users\anambood.ORADEV\AppData\Roaming\npm;C:\Users\anambood.ORADEV\AppData\Local\Microsoft\WindowsApps;C:\Program Files\Intel\WiFi\bin\;C:\Program Files\Common Files\Intel\WirelessCommon\;C:\Program Files\JetBrains\PyCharm Community Edition 2019.2.1\bin;;."/>
    <property name="java.vm.info" value="mixed mode"/>
    <property name="java.vendor" value="Oracle Corporation"/>
    <property name="java.vm.version" value="25.112-b15"/>
    <property name="java.ext.dirs" value="C:\Program Files\Java\jdk1.8.0_112\jre\lib\ext;C:\WINDOWS\Sun\Java\lib\ext"/>
    <property name="sun.io.unicode.encoding" value="UnicodeLittle"/>
    <property name="java.class.version" value="52.0"/>
  </properties>
  <testcase name="verifyUIVisualAITest" classname="ApplitoolsTests.UIElementsVisualAITests" time="32.438"/>
  <testcase name="verifyLoginVisualAITest" classname="ApplitoolsTests.DataDrivenVisualAITests" time="41.432"/>
  <testcase name="verifyTableSortVisualAITest" classname="ApplitoolsTests.TableSortVisualAITests" time="21.419"/>
  <testcase name="verifyCanvasChartVisualAITest" classname="ApplitoolsTests.CanvasChartVisualAITests" time="28.087"/>
  <testcase name="verifyDynamicContentVisualAITest" classname="ApplitoolsTests.DynamicContentVisualAITests" time="103.835"/>
  <testcase name="closeAppliTools" classname="ApplitoolsTests.DynamicContentVisualAITests" time="105.616">
    <failure message="Test &apos;Dynamic Content Visual AI Test&apos; of &apos;Hackathon App&apos; detected differences! See details at: https://eyes.applitools.com/app/batches/00000251828813059105/00000251828813057867?accountId=T8r4Qx05mkmicH8eYB4Xzg~~" type="com.applitools.eyes.exceptions.DiffsFoundException">com.applitools.eyes.exceptions.DiffsFoundException: Test 'Dynamic Content Visual AI Test' of 'Hackathon App' detected differences! See details at: https://eyes.applitools.com/app/batches/00000251828813059105/00000251828813057867?accountId=T8r4Qx05mkmicH8eYB4Xzg~~
</failure>
  </testcase>
</testsuite>