<?xml version="1.0" encoding="UTF-8"?>
<!-- Generated by org.testng.reporters.JUnitReportReporter -->
<testsuite skipped="0" hostname="anambood-lap1" name="ApplitoolsTests.TableSortVisualAITests" tests="1" failures="0" timestamp="2019-11-11T21:25:58 IST" time="21.435" errors="0">
  <testcase name="verifyTableSortVisualAITest" time="21.435" classname="ApplitoolsTests.TableSortVisualAITests"/>
</testsuite> <!-- ApplitoolsTests.TableSortVisualAITests -->
