<?xml version="1.0" encoding="UTF-8"?>
<!-- Generated by org.testng.reporters.JUnitReportReporter -->
<testsuite skipped="0" hostname="anambood-lap1" name="ApplitoolsTests.UIElementsVisualAITests" tests="1" failures="0" timestamp="2019-11-11T21:25:58 IST" time="32.435" errors="0">
  <testcase name="verifyUIVisualAITest" time="32.435" classname="ApplitoolsTests.UIElementsVisualAITests"/>
</testsuite> <!-- ApplitoolsTests.UIElementsVisualAITests -->
